============================= test session starts ==============================
platform linux -- Python 3.10.12, pytest-7.4.3, pluggy-1.6.0 -- /usr/bin/python3
cachedir: .pytest_cache
sensitiveurl: .*
metadata: {'Python': '3.10.12', 'Platform': 'Linux-5.15.167.4-microsoft-standard-WSL2-x86_64-with-glibc2.35', 'Packages': {'pytest': '7.4.3', 'pluggy': '1.6.0'}, 'Plugins': {'variables': '3.1.0', 'html': '4.1.1', 'selenium': '4.1.0', 'xdist': '3.7.0', 'metadata': '3.1.1', 'base-url': '2.1.0', 'dash': '3.1.1', 'cov': '4.1.0'}, 'Base URL': '', 'Driver': None, 'Capabilities': {}}
rootdir: /home/readm/ArchDash
plugins: variables-3.1.0, html-4.1.1, selenium-4.1.0, xdist-3.7.0, metadata-3.1.1, base-url-2.1.0, dash-1.1.0, dash-3.1.1, cov-4.1.0
collecting ... collected 85 items

tests/core/test_file_ops.py::test_save_and_load_graph FAILED             [  1%]
tests/core/test_file_ops.py::test_error_handling PASSED                  [  2%]
tests/core/test_models.py::test_parameter_validation PASSED              [  3%]
tests/core/test_models.py::test_parameter_dependencies PASSED            [  4%]
tests/core/test_models.py::test_parameter_calculation PASSED             [  5%]
tests/core/test_models.py::test_calculation_function_safety PASSED       [  7%]
tests/core/test_models.py::test_calculation_function_scope PASSED        [  8%]
tests/core/test_models.py::test_node_operations PASSED                   [  9%]
tests/core/test_models.py::test_calculation_graph PASSED                 [ 10%]
tests/core/test_models.py::test_missing_dependency PASSED                [ 11%]
tests/core/test_models.py::test_serialization PASSED                     [ 12%]
tests/core/test_models.py::test_duplicate_node_name_prevention PASSED    [ 14%]
tests/core/test_models.py::test_node_id_duplicate_prevention PASSED      [ 15%]
tests/core/test_models.py::test_parameter_update_propagation FAILED      [ 16%]
tests/core/test_models.py::test_circular_dependency_detection PASSED     [ 17%]
tests/core/test_models.py::test_propagate_updates_with_calculation_errors PASSED [ 18%]
tests/core/test_models.py::test_dependency_chain_analysis FAILED         [ 20%]
tests/examples/test_advanced.py::TestExampleFeature::test_create_example_soc_graph_basic PASSED [ 21%]
tests/examples/test_advanced.py::TestExampleFeature::test_example_graph_nodes_structure PASSED [ 22%]
tests/examples/test_advanced.py::TestExampleFeature::test_example_graph_parameters_count PASSED [ 23%]
tests/examples/test_advanced.py::TestExampleFeature::test_example_graph_dependencies PASSED [ 24%]
tests/examples/test_advanced.py::TestExampleFeature::test_example_graph_calculations PASSED [ 25%]
tests/examples/test_advanced.py::TestExampleFeature::test_example_graph_layout PASSED [ 27%]
tests/examples/test_advanced.py::TestExampleFeature::test_example_graph_parameter_values PASSED [ 28%]
tests/examples/test_advanced.py::TestExampleFeature::test_example_graph_error_handling PASSED [ 29%]
tests/examples/test_advanced.py::TestExampleFeature::test_example_graph_data_flow PASSED [ 30%]
tests/examples/test_advanced.py::TestExampleFeature::test_example_graph_parameter_types PASSED [ 31%]
tests/examples/test_advanced.py::TestExampleFeature::test_example_button_callback_exists FAILED [ 32%]
tests/examples/test_advanced.py::TestExampleFeatureIntegration::test_example_creates_valid_graph_state PASSED [ 34%]
tests/examples/test_basic.py::test_example_basic PASSED                  [ 35%]
tests/examples/test_basic.py::test_example_callback PASSED               [ 36%]
tests/examples/test_simple.py::test_example_function_import PASSED       [ 37%]
tests/examples/test_simple.py::test_example_function_execution PASSED    [ 38%]
tests/examples/test_simple.py::test_example_function_consistency PASSED  [ 40%]
tests/examples/test_simple.py::test_example_creates_valid_data PASSED    [ 41%]
tests/examples/test_simple.py::test_example_parameter_calculations PASSED [ 42%]
tests/examples/test_simple.py::test_example_callback_exists FAILED       [ 43%]
tests/examples/test_simple.py::test_example_performance PASSED           [ 44%]
tests/features/test_dependency_deletion_restriction.py::test_parameter_deletion_restriction PASSED [ 45%]
tests/features/test_dependency_deletion_restriction.py::test_node_deletion_restriction PASSED [ 47%]
tests/features/test_dependency_deletion_restriction.py::test_complex_dependency_network PASSED [ 48%]
tests/features/test_enhanced_unlink_feature.py::test_enhanced_unlink_display_logic PASSED [ 49%]
tests/features/test_enhanced_unlink_feature.py::test_manual_value_auto_unlink PASSED [ 50%]
tests/features/test_enhanced_unlink_feature.py::test_unlink_icon_click_reconnect PASSED [ 51%]
tests/features/test_enhanced_unlink_feature.py::test_sensitivity_analysis_auto_unlink_simulation PASSED [ 52%]
tests/features/test_enhanced_unlink_feature.py::test_edge_cases_and_error_handling PASSED [ 54%]
tests/features/test_enhanced_unlink_feature.py::test_unlink_with_complex_dependencies PASSED [ 55%]
tests/features/test_layout.py::test_layout_manager_basic_operations PASSED [ 56%]
tests/features/test_layout.py::test_layout_manager_node_movements PASSED [ 57%]
tests/features/test_layout.py::test_layout_manager_column_operations PASSED [ 58%]
tests/features/test_layout.py::test_layout_manager_add_remove_columns PASSED [ 60%]
tests/features/test_layout.py::test_layout_manager_remove_column_edge_cases PASSED [ 61%]
tests/features/test_layout.py::test_layout_serialization PASSED          [ 62%]
tests/features/test_node_edit.py::test_node_name_editing PASSED          [ 63%]
tests/features/test_node_edit.py::test_node_id_generation PASSED         [ 64%]
tests/features/test_simple_id_functionality.py::test_node_id_generation PASSED [ 65%]
tests/features/test_simple_id_functionality.py::test_html_dash_id_generation PASSED [ 67%]
tests/features/test_simple_id_functionality.py::test_node_retrieval PASSED [ 68%]
tests/features/test_simple_id_functionality.py::test_id_persistence PASSED [ 69%]
tests/features/test_simple_id_functionality.py::test_calculation_graph_id_management PASSED [ 70%]
tests/features/test_unlink.py::test_unlinked_functionality FAILED        [ 71%]
tests/features/test_unlink.py::test_serialization PASSED                 [ 72%]
tests/features/test_unlink_ui_feature.py::test_unlink_icon_display_logic ERROR [ 74%]
tests/features/test_unlink_ui_feature.py::test_unlink_icon_click_reconnect ERROR [ 75%]
tests/features/test_unlink_ui_feature.py::test_sensitivity_analysis_auto_unlink ERROR [ 76%]
tests/features/test_unlink_ui_feature.py::test_unlink_ui_integration ERROR [ 77%]
tests/integration/test_app.py::test_add_node_with_grid_layout ERROR      [ 78%]
tests/integration/test_app.py::test_node_dropdown_menu_operations ERROR  [ 80%]
tests/integration/test_app.py::test_node_movement_with_layout_manager ERROR [ 81%]
tests/integration/test_app.py::test_parameter_operations_with_dropdown ERROR [ 82%]
tests/integration/test_app.py::test_multiple_nodes_grid_layout ERROR     [ 83%]
tests/integration/test_app.py::test_duplicate_node_name_prevention ERROR [ 84%]
tests/integration/test_app.py::test_empty_node_name_validation ERROR     [ 85%]
tests/integration/test_app.py::test_column_management ERROR              [ 87%]
tests/integration/test_app.py::test_remove_column_functionality ERROR    [ 88%]
tests/integration/test_app.py::test_node_position_display ERROR          [ 89%]
tests/integration/test_app.py::test_parameter_cascade_update_in_web_interface ERROR [ 90%]
tests/integration/test_app.py::test_parameter_highlight_functionality ERROR [ 91%]
tests/integration/test_app.py::test_parameter_edit_modal_functionality ERROR [ 92%]
tests/integration/test_app.py::test_canvas_auto_refresh_on_parameter_change ERROR [ 94%]
tests/integration/test_app.py::test_recently_updated_params_tracking ERROR [ 95%]
tests/integration/test_headless_demo.py::test_headless_basic_operations ERROR [ 96%]
tests/integration/test_headless_demo.py::test_headless_layout_operations ERROR [ 97%]
tests/integration/test_headless_demo.py::test_headless_parameter_operations ERROR [ 98%]
tests/integration/test_session_graph_isolation.py::test_graph_isolation_by_sid PASSED [100%]

==================================== ERRORS ====================================
_______________ ERROR at setup of test_unlink_icon_display_logic _______________
tests/conftest.py:185: in dash_thread_server
    with pytest.warns(UserWarning):
E   Failed: DID NOT WARN. No warnings of type (<class 'UserWarning'>,) were emitted.
E   The list of emitted warnings is: [].
______________ ERROR at setup of test_unlink_icon_click_reconnect ______________
tests/conftest.py:185: in dash_thread_server
    with pytest.warns(UserWarning):
E   Failed: DID NOT WARN. No warnings of type (<class 'UserWarning'>,) were emitted.
E   The list of emitted warnings is: [].
___________ ERROR at setup of test_sensitivity_analysis_auto_unlink ____________
tests/conftest.py:185: in dash_thread_server
    with pytest.warns(UserWarning):
E   Failed: DID NOT WARN. No warnings of type (<class 'UserWarning'>,) were emitted.
E   The list of emitted warnings is: [].
_________________ ERROR at setup of test_unlink_ui_integration _________________
tests/conftest.py:185: in dash_thread_server
    with pytest.warns(UserWarning):
E   Failed: DID NOT WARN. No warnings of type (<class 'UserWarning'>,) were emitted.
E   The list of emitted warnings is: [].
_______________ ERROR at setup of test_add_node_with_grid_layout _______________
tests/conftest.py:185: in dash_thread_server
    with pytest.warns(UserWarning):
E   Failed: DID NOT WARN. No warnings of type (<class 'UserWarning'>,) were emitted.
E   The list of emitted warnings is: [].
_____________ ERROR at setup of test_node_dropdown_menu_operations _____________
tests/conftest.py:185: in dash_thread_server
    with pytest.warns(UserWarning):
E   Failed: DID NOT WARN. No warnings of type (<class 'UserWarning'>,) were emitted.
E   The list of emitted warnings is: [].
___________ ERROR at setup of test_node_movement_with_layout_manager ___________
tests/conftest.py:185: in dash_thread_server
    with pytest.warns(UserWarning):
E   Failed: DID NOT WARN. No warnings of type (<class 'UserWarning'>,) were emitted.
E   The list of emitted warnings is: [].
__________ ERROR at setup of test_parameter_operations_with_dropdown ___________
tests/conftest.py:185: in dash_thread_server
    with pytest.warns(UserWarning):
E   Failed: DID NOT WARN. No warnings of type (<class 'UserWarning'>,) were emitted.
E   The list of emitted warnings is: [].
______________ ERROR at setup of test_multiple_nodes_grid_layout _______________
tests/conftest.py:185: in dash_thread_server
    with pytest.warns(UserWarning):
E   Failed: DID NOT WARN. No warnings of type (<class 'UserWarning'>,) were emitted.
E   The list of emitted warnings is: [].
____________ ERROR at setup of test_duplicate_node_name_prevention _____________
tests/conftest.py:185: in dash_thread_server
    with pytest.warns(UserWarning):
E   Failed: DID NOT WARN. No warnings of type (<class 'UserWarning'>,) were emitted.
E   The list of emitted warnings is: [].
______________ ERROR at setup of test_empty_node_name_validation _______________
tests/conftest.py:185: in dash_thread_server
    with pytest.warns(UserWarning):
E   Failed: DID NOT WARN. No warnings of type (<class 'UserWarning'>,) were emitted.
E   The list of emitted warnings is: [].
___________________ ERROR at setup of test_column_management ___________________
tests/conftest.py:185: in dash_thread_server
    with pytest.warns(UserWarning):
E   Failed: DID NOT WARN. No warnings of type (<class 'UserWarning'>,) were emitted.
E   The list of emitted warnings is: [].
______________ ERROR at setup of test_remove_column_functionality ______________
tests/conftest.py:185: in dash_thread_server
    with pytest.warns(UserWarning):
E   Failed: DID NOT WARN. No warnings of type (<class 'UserWarning'>,) were emitted.
E   The list of emitted warnings is: [].
_________________ ERROR at setup of test_node_position_display _________________
tests/conftest.py:185: in dash_thread_server
    with pytest.warns(UserWarning):
E   Failed: DID NOT WARN. No warnings of type (<class 'UserWarning'>,) were emitted.
E   The list of emitted warnings is: [].
_______ ERROR at setup of test_parameter_cascade_update_in_web_interface _______
tests/conftest.py:185: in dash_thread_server
    with pytest.warns(UserWarning):
E   Failed: DID NOT WARN. No warnings of type (<class 'UserWarning'>,) were emitted.
E   The list of emitted warnings is: [].
___________ ERROR at setup of test_parameter_highlight_functionality ___________
tests/conftest.py:185: in dash_thread_server
    with pytest.warns(UserWarning):
E   Failed: DID NOT WARN. No warnings of type (<class 'UserWarning'>,) were emitted.
E   The list of emitted warnings is: [].
__________ ERROR at setup of test_parameter_edit_modal_functionality ___________
tests/conftest.py:185: in dash_thread_server
    with pytest.warns(UserWarning):
E   Failed: DID NOT WARN. No warnings of type (<class 'UserWarning'>,) were emitted.
E   The list of emitted warnings is: [].
________ ERROR at setup of test_canvas_auto_refresh_on_parameter_change ________
tests/conftest.py:185: in dash_thread_server
    with pytest.warns(UserWarning):
E   Failed: DID NOT WARN. No warnings of type (<class 'UserWarning'>,) were emitted.
E   The list of emitted warnings is: [].
___________ ERROR at setup of test_recently_updated_params_tracking ____________
tests/conftest.py:185: in dash_thread_server
    with pytest.warns(UserWarning):
E   Failed: DID NOT WARN. No warnings of type (<class 'UserWarning'>,) were emitted.
E   The list of emitted warnings is: [].
_______________ ERROR at setup of test_headless_basic_operations _______________
tests/conftest.py:185: in dash_thread_server
    with pytest.warns(UserWarning):
E   Failed: DID NOT WARN. No warnings of type (<class 'UserWarning'>,) were emitted.
E   The list of emitted warnings is: [].
______________ ERROR at setup of test_headless_layout_operations _______________
tests/conftest.py:185: in dash_thread_server
    with pytest.warns(UserWarning):
E   Failed: DID NOT WARN. No warnings of type (<class 'UserWarning'>,) were emitted.
E   The list of emitted warnings is: [].
_____________ ERROR at setup of test_headless_parameter_operations _____________
tests/conftest.py:185: in dash_thread_server
    with pytest.warns(UserWarning):
E   Failed: DID NOT WARN. No warnings of type (<class 'UserWarning'>,) were emitted.
E   The list of emitted warnings is: [].
=================================== FAILURES ===================================
___________________________ test_save_and_load_graph ___________________________
tests/core/test_file_ops.py:42: in test_save_and_load_graph
    layout_manager.place_node(node1.id, GridPosition(0, 0))
models.py:878: in place_node
    raise ValueError(f"ä½ç½® ({position.row}, {position.col}) å·²è¢«èŠ‚ç‚¹ {self.grid[position.row][position.col]} å ç”¨")
E   ValueError: ä½ç½® (0, 0) å·²è¢«èŠ‚ç‚¹ 1 å ç”¨
----------------------------- Captured stdout call -----------------------------
ðŸ§ª å¼€å§‹æµ‹è¯•è®¡ç®—å›¾æ–‡ä»¶æ“ä½œ...
ðŸ“ åˆ›å»ºæµ‹è¯•è®¡ç®—å›¾...
______________________ test_parameter_update_propagation _______________________
tests/core/test_models.py:417: in test_parameter_update_propagation
    assert len(update_result['cascaded_updates']) >= 1  # è‡³å°‘powerè¢«æ›´æ–°
E   assert 0 >= 1
E    +  where 0 = len([])
________________________ test_dependency_chain_analysis ________________________
tests/core/test_models.py:525: in test_dependency_chain_analysis
    assert len(dependents) > 0
E   assert 0 > 0
E    +  where 0 = len([])
____________ TestExampleFeature.test_example_button_callback_exists ____________
tests/examples/test_advanced.py:292: in test_example_button_callback_exists
    assert callback_info is not None, "å›žè°ƒå‡½æ•°åº”è¯¥æœ‰Dashè£…é¥°å™¨"
E   AssertionError: å›žè°ƒå‡½æ•°åº”è¯¥æœ‰Dashè£…é¥°å™¨
E   assert None is not None
_________________________ test_example_callback_exists _________________________
tests/examples/test_simple.py:153: in test_example_callback_exists
    assert hasattr(app, 'load_example_soc_graph_callback'), "åº”è¯¥å­˜åœ¨åŠ è½½ç¤ºä¾‹å›¾çš„å›žè°ƒå‡½æ•°"
E   AssertionError: åº”è¯¥å­˜åœ¨åŠ è½½ç¤ºä¾‹å›¾çš„å›žè°ƒå‡½æ•°
E   assert False
E    +  where False = hasattr(<dash.dash.Dash object at 0x7fb8383057e0>, 'load_example_soc_graph_callback')

During handling of the above exception, another exception occurred:
tests/examples/test_simple.py:170: in test_example_callback_exists
    pytest.fail(f"å›žè°ƒå‡½æ•°æ£€æŸ¥å¤±è´¥: {e}")
E   Failed: å›žè°ƒå‡½æ•°æ£€æŸ¥å¤±è´¥: åº”è¯¥å­˜åœ¨åŠ è½½ç¤ºä¾‹å›¾çš„å›žè°ƒå‡½æ•°
E   assert False
E    +  where False = hasattr(<dash.dash.Dash object at 0x7fb8383057e0>, 'load_example_soc_graph_callback')
_________________________ test_unlinked_functionality __________________________
tests/features/test_unlink.py:82: in test_unlinked_functionality
    assert area.value == 120.0, "çº§è”è®¡ç®—åº”è¯¥æ­£ç¡®"
E   AssertionError: çº§è”è®¡ç®—åº”è¯¥æ­£ç¡®
E   assert 50.0 == 120.0
E    +  where 50.0 = Parameter(name='é¢ç§¯', unit='mÂ²', description='', confidence=1.0, calculation_func='result = dependencies[0].value * dependencies[1].value', dependencies=[Parameter(name='é•¿åº¦', unit='m', description='', confidence=1.0, calculation_func=None, dependencies=[], unlinked=False, _value=15.0), Parameter(name='å®½åº¦', unit='m', description='', confidence=1.0, calculation_func=None, dependencies=[], unlinked=False, _value=8.0)], unlinked=False, _value=50.0).value
----------------------------- Captured stdout call -----------------------------
ðŸ”¬ æµ‹è¯•å‚æ•°æ–­å¼€è¿žæŽ¥åŠŸèƒ½
==================================================
1. åˆå§‹çŠ¶æ€:
   é•¿åº¦ = 10.0 m, unlinked = False
   å®½åº¦ = 5.0 m, unlinked = False
   é¢ç§¯ = 0.0 mÂ², unlinked = False
   è®¡ç®—åŽé¢ç§¯ = 50.0 mÂ²

2. æ‰‹åŠ¨ä¿®æ”¹æœ‰ä¾èµ–çš„é¢ç§¯å‚æ•°å€¼:
   é¢ç§¯ = 100.0 mÂ², unlinked = True
   è®¡ç®—åŽé¢ç§¯ = 100.0 mÂ² (åº”è¯¥ä¿æŒä¸å˜)

3. é‡æ–°è¿žæŽ¥å‚æ•°:
   é‡æ–°è¿žæŽ¥åŽé¢ç§¯ = 50.0 mÂ², unlinked = False

4. æµ‹è¯•æ— ä¾èµ–å‚æ•°çš„æ‰‹åŠ¨è®¾ç½®:
   é•¿åº¦ = 15.0 m, unlinked = False

5. æµ‹è¯•çº§è”æ›´æ–°:
   å®½åº¦ä¿®æ”¹ä¸º = 8.0 m
   é¢ç§¯è‡ªåŠ¨æ›´æ–°ä¸º = 50.0 mÂ² (åº”è¯¥æ˜¯ 120.0)
=============================== warnings summary ===============================
tests/examples/test_basic.py::test_example_basic
  /home/readm/.local/lib/python3.10/site-packages/_pytest/python.py:198: PytestReturnNotNoneWarning:
  
  Expected None, but tests/examples/test_basic.py::test_example_basic returned False, which will be an error in a future version of pytest.  Did you mean to use `assert` instead of `return`?

tests/examples/test_basic.py::test_example_callback
  /home/readm/.local/lib/python3.10/site-packages/_pytest/python.py:198: PytestReturnNotNoneWarning:
  
  Expected None, but tests/examples/test_basic.py::test_example_callback returned True, which will be an error in a future version of pytest.  Did you mean to use `assert` instead of `return`?

tests/features/test_enhanced_unlink_feature.py::test_enhanced_unlink_display_logic
tests/features/test_unlink.py::test_unlinked_functionality
  /home/readm/ArchDash/models.py:166: UserWarning:
  
  å‚æ•° é¢ç§¯ å·²æ–­å¼€è‡ªåŠ¨è®¡ç®—è¿žæŽ¥

tests/features/test_enhanced_unlink_feature.py::test_manual_value_auto_unlink
  /home/readm/ArchDash/models.py:166: UserWarning:
  
  å‚æ•° è®¡ç®—å‚æ•° å·²æ–­å¼€è‡ªåŠ¨è®¡ç®—è¿žæŽ¥

tests/features/test_enhanced_unlink_feature.py::test_unlink_icon_click_reconnect
  /home/readm/ArchDash/models.py:166: UserWarning:
  
  å‚æ•° ä¹˜ç§¯ å·²æ–­å¼€è‡ªåŠ¨è®¡ç®—è¿žæŽ¥

tests/features/test_enhanced_unlink_feature.py::test_sensitivity_analysis_auto_unlink_simulation
  /home/readm/ArchDash/models.py:166: UserWarning:
  
  å‚æ•° Xå‚æ•° å·²æ–­å¼€è‡ªåŠ¨è®¡ç®—è¿žæŽ¥

tests/features/test_enhanced_unlink_feature.py::test_edge_cases_and_error_handling
  /home/readm/ArchDash/models.py:166: UserWarning:
  
  å‚æ•° å®Œæ•´å‚æ•° å·²æ–­å¼€è‡ªåŠ¨è®¡ç®—è¿žæŽ¥

tests/features/test_enhanced_unlink_feature.py::test_unlink_with_complex_dependencies
  /home/readm/ArchDash/models.py:166: UserWarning:
  
  å‚æ•° C å·²æ–­å¼€è‡ªåŠ¨è®¡ç®—è¿žæŽ¥

-- Docs: https://docs.pytest.org/en/stable/how-to/capture-warnings.html
=========================== short test summary info ============================
FAILED tests/core/test_file_ops.py::test_save_and_load_graph - ValueError: ä½...
FAILED tests/core/test_models.py::test_parameter_update_propagation - assert ...
FAILED tests/core/test_models.py::test_dependency_chain_analysis - assert 0 > 0
FAILED tests/examples/test_advanced.py::TestExampleFeature::test_example_button_callback_exists
FAILED tests/examples/test_simple.py::test_example_callback_exists - Failed: ...
FAILED tests/features/test_unlink.py::test_unlinked_functionality - Assertion...
ERROR tests/features/test_unlink_ui_feature.py::test_unlink_icon_display_logic
ERROR tests/features/test_unlink_ui_feature.py::test_unlink_icon_click_reconnect
ERROR tests/features/test_unlink_ui_feature.py::test_sensitivity_analysis_auto_unlink
ERROR tests/features/test_unlink_ui_feature.py::test_unlink_ui_integration - ...
ERROR tests/integration/test_app.py::test_add_node_with_grid_layout - Failed:...
ERROR tests/integration/test_app.py::test_node_dropdown_menu_operations - Fai...
ERROR tests/integration/test_app.py::test_node_movement_with_layout_manager
ERROR tests/integration/test_app.py::test_parameter_operations_with_dropdown
ERROR tests/integration/test_app.py::test_multiple_nodes_grid_layout - Failed...
ERROR tests/integration/test_app.py::test_duplicate_node_name_prevention - Fa...
ERROR tests/integration/test_app.py::test_empty_node_name_validation - Failed...
ERROR tests/integration/test_app.py::test_column_management - Failed: DID NOT...
ERROR tests/integration/test_app.py::test_remove_column_functionality - Faile...
ERROR tests/integration/test_app.py::test_node_position_display - Failed: DID...
ERROR tests/integration/test_app.py::test_parameter_cascade_update_in_web_interface
ERROR tests/integration/test_app.py::test_parameter_highlight_functionality
ERROR tests/integration/test_app.py::test_parameter_edit_modal_functionality
ERROR tests/integration/test_app.py::test_canvas_auto_refresh_on_parameter_change
ERROR tests/integration/test_app.py::test_recently_updated_params_tracking - ...
ERROR tests/integration/test_headless_demo.py::test_headless_basic_operations
ERROR tests/integration/test_headless_demo.py::test_headless_layout_operations
ERROR tests/integration/test_headless_demo.py::test_headless_parameter_operations
============= 6 failed, 57 passed, 9 warnings, 22 errors in 0.45s ==============
